<?xml version="1.0" encoding="UTF-8"?>
<robot generator="Robot 3.2.1 (Python 3.8.4 on win32)" generated="20200825 15:56:19.500" rpa="false">
<suite id="s1" name="robotsampleTest" source="C:\Invitae\Workspace\RobotFramework\myRobot\robotTestFolder\robotsampleTest.robot">
<kw name="Log" library="BuiltIn" type="setup">
<doc>Logs the given message with the given level.</doc>
<arguments>
<arg>This block executes before all tests in a suite</arg>
</arguments>
<msg timestamp="20200825 15:56:19.833" level="INFO">This block executes before all tests in a suite</msg>
<status status="PASS" starttime="20200825 15:56:19.833" endtime="20200825 15:56:19.833"></status>
</kw>
<test id="s1-t1" name="MyFirstTest">
<kw name="Log" library="BuiltIn" type="setup">
<doc>Logs the given message with the given level.</doc>
<arguments>
<arg>This block executes before each test in a suite</arg>
</arguments>
<msg timestamp="20200825 15:56:19.835" level="INFO">This block executes before each test in a suite</msg>
<status status="PASS" starttime="20200825 15:56:19.834" endtime="20200825 15:56:19.835"></status>
</kw>
<kw name="Log" library="BuiltIn">
<doc>Logs the given message with the given level.</doc>
<arguments>
<arg>This is my first test..</arg>
</arguments>
<msg timestamp="20200825 15:56:19.835" level="INFO">This is my first test..</msg>
<status status="PASS" starttime="20200825 15:56:19.835" endtime="20200825 15:56:19.835"></status>
</kw>
<kw name="Log" library="BuiltIn" type="teardown">
<doc>Logs the given message with the given level.</doc>
<arguments>
<arg>This block executes after each test in a suite</arg>
</arguments>
<msg timestamp="20200825 15:56:19.836" level="INFO">This block executes after each test in a suite</msg>
<status status="PASS" starttime="20200825 15:56:19.836" endtime="20200825 15:56:19.836"></status>
</kw>
<tags>
<tag>Smoke</tag>
</tags>
<status status="PASS" starttime="20200825 15:56:19.833" endtime="20200825 15:56:19.837" critical="yes"></status>
</test>
<test id="s1-t2" name="MySecondTest">
<kw name="Log" library="BuiltIn" type="setup">
<doc>Logs the given message with the given level.</doc>
<arguments>
<arg>This block executes before each test in a suite</arg>
</arguments>
<msg timestamp="20200825 15:56:19.839" level="INFO">This block executes before each test in a suite</msg>
<status status="PASS" starttime="20200825 15:56:19.839" endtime="20200825 15:56:19.839"></status>
</kw>
<kw name="Log" library="BuiltIn">
<doc>Logs the given message with the given level.</doc>
<arguments>
<arg>This is my second test..</arg>
</arguments>
<msg timestamp="20200825 15:56:19.840" level="INFO">This is my second test..</msg>
<status status="PASS" starttime="20200825 15:56:19.840" endtime="20200825 15:56:19.840"></status>
</kw>
<kw name="Log" library="BuiltIn" type="teardown">
<doc>Logs the given message with the given level.</doc>
<arguments>
<arg>This block executes after each test in a suite</arg>
</arguments>
<msg timestamp="20200825 15:56:19.841" level="INFO">This block executes after each test in a suite</msg>
<status status="PASS" starttime="20200825 15:56:19.841" endtime="20200825 15:56:19.841"></status>
</kw>
<tags>
<tag>Regression</tag>
</tags>
<status status="PASS" starttime="20200825 15:56:19.838" endtime="20200825 15:56:19.842" critical="yes"></status>
</test>
<test id="s1-t3" name="MyThirdTest">
<kw name="Log" library="BuiltIn" type="setup">
<doc>Logs the given message with the given level.</doc>
<arguments>
<arg>This block executes before each test in a suite</arg>
</arguments>
<msg timestamp="20200825 15:56:19.846" level="INFO">This block executes before each test in a suite</msg>
<status status="PASS" starttime="20200825 15:56:19.846" endtime="20200825 15:56:19.846"></status>
</kw>
<kw name="Log" library="BuiltIn">
<doc>Logs the given message with the given level.</doc>
<arguments>
<arg>This is my third test..</arg>
</arguments>
<msg timestamp="20200825 15:56:19.847" level="INFO">This is my third test..</msg>
<status status="PASS" starttime="20200825 15:56:19.846" endtime="20200825 15:56:19.847"></status>
</kw>
<kw name="Log" library="BuiltIn" type="teardown">
<doc>Logs the given message with the given level.</doc>
<arguments>
<arg>This block executes after each test in a suite</arg>
</arguments>
<msg timestamp="20200825 15:56:19.847" level="INFO">This block executes after each test in a suite</msg>
<status status="PASS" starttime="20200825 15:56:19.847" endtime="20200825 15:56:19.847"></status>
</kw>
<tags>
<tag>Regression</tag>
</tags>
<status status="PASS" starttime="20200825 15:56:19.843" endtime="20200825 15:56:19.848" critical="yes"></status>
</test>
<test id="s1-t4" name="MyFourthTest">
<kw name="Log" library="BuiltIn" type="setup">
<doc>Logs the given message with the given level.</doc>
<arguments>
<arg>This block executes before each test in a suite</arg>
</arguments>
<msg timestamp="20200825 15:56:19.851" level="INFO">This block executes before each test in a suite</msg>
<status status="PASS" starttime="20200825 15:56:19.851" endtime="20200825 15:56:19.851"></status>
</kw>
<kw name="Log" library="BuiltIn">
<doc>Logs the given message with the given level.</doc>
<arguments>
<arg>This is my fourth test..</arg>
</arguments>
<msg timestamp="20200825 15:56:19.852" level="INFO">This is my fourth test..</msg>
<status status="PASS" starttime="20200825 15:56:19.852" endtime="20200825 15:56:19.852"></status>
</kw>
<kw name="Set Tags" library="BuiltIn">
<doc>Adds given ``tags`` for the current test or all tests in a suite.</doc>
<arguments>
<arg>Functional</arg>
</arguments>
<msg timestamp="20200825 15:56:19.854" level="INFO">Set tag 'Functional'.</msg>
<status status="PASS" starttime="20200825 15:56:19.854" endtime="20200825 15:56:19.854"></status>
</kw>
<kw name="Log" library="BuiltIn" type="teardown">
<doc>Logs the given message with the given level.</doc>
<arguments>
<arg>This block executes after each test in a suite</arg>
</arguments>
<msg timestamp="20200825 15:56:19.855" level="INFO">This block executes after each test in a suite</msg>
<status status="PASS" starttime="20200825 15:56:19.855" endtime="20200825 15:56:19.855"></status>
</kw>
<tags>
<tag>Functional</tag>
<tag>Sanity</tag>
</tags>
<status status="PASS" starttime="20200825 15:56:19.850" endtime="20200825 15:56:19.855" critical="yes"></status>
</test>
<kw name="Log" library="BuiltIn" type="teardown">
<doc>Logs the given message with the given level.</doc>
<arguments>
<arg>This block executes after all tests in a suite</arg>
</arguments>
<msg timestamp="20200825 15:56:19.859" level="INFO">This block executes after all tests in a suite</msg>
<status status="PASS" starttime="20200825 15:56:19.859" endtime="20200825 15:56:19.859"></status>
</kw>
<status status="PASS" starttime="20200825 15:56:19.503" endtime="20200825 15:56:19.859"></status>
</suite>
<statistics>
<total>
<stat pass="4" fail="0">Critical Tests</stat>
<stat pass="4" fail="0">All Tests</stat>
</total>
<tag>
<stat pass="1" fail="0">Functional</stat>
<stat pass="2" fail="0">Regression</stat>
<stat pass="1" fail="0">Sanity</stat>
<stat pass="1" fail="0">Smoke</stat>
</tag>
<suite>
<stat pass="4" fail="0" id="s1" name="robotsampleTest">robotsampleTest</stat>
</suite>
</statistics>
<errors>
</errors>
</robot>
